
01/06/2021 12:14 -  - RunLoadedGraph-TTerraworldGenerator.cs-68
01/06/2021 12:14 -  - CreateWorld-TTerrainGenerator.cs-151
01/06/2021 12:14 -  - ResetGraphsStatus-TTerraWorldGraph.cs-761
01/06/2021 12:14 -  - ResetNodesStatus-TModules.cs-351
01/06/2021 12:14 -  - ResetNodesStatus-TModules.cs-351
01/06/2021 12:14 -  - ResetNodesStatus-TModules.cs-351
01/06/2021 12:14 -  - ResetNodesStatus-TModules.cs-351
01/06/2021 12:14 -  - ResetNodesStatus-TModules.cs-351
01/06/2021 12:14 -  - ResetNodesStatus-TModules.cs-351
01/06/2021 12:14 -  - ResetNodesStatus-TModules.cs-351
01/06/2021 12:14 -  - CheckConnections-TTerraWorldGraph.cs-594
01/06/2021 12:14 - Fetching Data From Servers... - CreateWorld-TTerrainGenerator.cs-180
01/06/2021 12:14 -  - InitBGTerrain-TTerrainGenerator.cs-192
01/06/2021 12:14 -  - InitMainTerrains-TTerrainGenerator.cs-216
01/06/2021 12:14 -  - .ctor-TTerraWorld.cs-279
01/06/2021 12:14 -  - UpdateTerraWorld-TTerraWorld.cs-295
01/06/2021 12:14 -  - GenerateTerrains-TTerraWorld.cs-286
01/06/2021 12:14 -  - UpdateTerrain-TTerrain.cs-81
01/06/2021 12:14 -  - .ctor-TMap.cs-56
01/06/2021 12:14 -  - Initialize-TMap.cs-106
01/06/2021 12:14 -  - UpdateMap-TMap.cs-273
01/06/2021 12:14 -  - UpdateImageryData-TMap.cs-319
01/06/2021 12:14 -  - UpdateElevationData-TMap.cs-308
01/06/2021 12:14 -  - UpdateLandCoverData-TMap.cs-341
01/06/2021 12:14 -  - AfterDataDownloaded-TMap.cs-360
01/06/2021 12:14 -  - AfterUpdateCompletedImagery-TMap.cs-472
01/06/2021 12:14 -  - AfterUpdateCompletedLandcover-TMap.cs-488
01/06/2021 12:14 -  - AnalyzeElevationData-TMap.cs-408
01/06/2021 12:14 - Warning : No Elevation Data On Level : 18, Trying next zoom level ... 
01/06/2021 12:14 -  - .ctor-TMap.cs-77
01/06/2021 12:14 -  - Initialize-TMap.cs-106
01/06/2021 12:14 -  - UpdateMap-TMap.cs-273
01/06/2021 12:14 -  - UpdateElevationData-TMap.cs-308
01/06/2021 12:14 -  - AfterDataDownloaded-TMap.cs-360
01/06/2021 12:14 -  - AnalyzeElevationData-TMap.cs-408
01/06/2021 12:14 - Warning : No Elevation Data On Level : 17, Trying next zoom level ... 
01/06/2021 12:14 -  - .ctor-TMap.cs-77
01/06/2021 12:14 -  - Initialize-TMap.cs-106
01/06/2021 12:14 -  - UpdateMap-TMap.cs-273
01/06/2021 12:14 -  - UpdateElevationData-TMap.cs-308
01/06/2021 12:14 -  - AfterDataDownloaded-TMap.cs-360
01/06/2021 12:14 -  - AnalyzeElevationData-TMap.cs-408
01/06/2021 12:14 -  - AfterUpdateCompletedElevation-TMap.cs-458
01/06/2021 12:14 -  - WhenAllDone-TMap.cs-496
01/06/2021 12:14 -  - TerrainAnalysis-TTerrain.cs-146
01/06/2021 12:14 -  - RunAllModulesAsync-TTerrain.cs-427
01/06/2021 12:14 -  - RunAllModulesASync-TTerrain.cs-155
01/06/2021 12:14 -  - RunAllModules-TTerrain.cs-169
01/06/2021 12:14 -  - RunGraph-TModules.cs-309
01/06/2021 12:14 -  - GetSequences-TTerraWorldGraph.cs-713
01/06/2021 12:14 -  - GetLastNodes-TTerraWorldGraph.cs-671
01/06/2021 12:14 -  - MakeChain-TTerraWorldGraph.cs-685
01/06/2021 12:14 -  - MakeChain-TTerraWorldGraph.cs-685
01/06/2021 12:14 -  - MakeChain-TTerraWorldGraph.cs-685
01/06/2021 12:14 -  - MakeChain-TTerraWorldGraph.cs-685
01/06/2021 12:14 -  - MakeChain-TTerraWorldGraph.cs-685
01/06/2021 12:14 - Heightmap - RunGraph-TModules.cs-333
01/06/2021 12:14 - Heightmap Master - RunGraph-TModules.cs-333
01/06/2021 12:14 - heightmapGraph result : Heightmap Master - RunAllModules-TTerrain.cs-193
01/06/2021 12:14 -  - RunGraph-TModules.cs-309
01/06/2021 12:14 -  - GetSequences-TTerraWorldGraph.cs-713
01/06/2021 12:14 -  - GetLastNodes-TTerraWorldGraph.cs-671
01/06/2021 12:14 -  - MakeChain-TTerraWorldGraph.cs-685
01/06/2021 12:14 - Water Generator 1 - RunGraph-TModules.cs-333
01/06/2021 12:14 - Graph result : Water Generator 1 - RunAllModules-TTerrain.cs-213
01/06/2021 12:14 -  - RunGraph-TModules.cs-309
01/06/2021 12:14 -  - GetSequences-TTerraWorldGraph.cs-713
01/06/2021 12:14 -  - GetLastNodes-TTerraWorldGraph.cs-671
01/06/2021 12:14 -  - MakeChain-TTerraWorldGraph.cs-685
01/06/2021 12:14 - Sat Image 2 - RunGraph-TModules.cs-333
01/06/2021 12:14 - Graph result (Colormap): Sat Image 2 - RunAllModules-TTerrain.cs-237
01/06/2021 12:14 -  - RunGraph-TModules.cs-309
01/06/2021 12:14 -  - GetSequences-TTerraWorldGraph.cs-713
01/06/2021 12:14 -  - GetLastNodes-TTerraWorldGraph.cs-671
01/06/2021 12:14 -  - MakeChain-TTerraWorldGraph.cs-685
01/06/2021 12:14 -  - MakeChain-TTerraWorldGraph.cs-685
01/06/2021 12:14 -  - MakeChain-TTerraWorldGraph.cs-685
01/06/2021 12:14 -  - MakeChain-TTerraWorldGraph.cs-685
01/06/2021 12:14 -  - MakeChain-TTerraWorldGraph.cs-685
01/06/2021 12:14 -  - MakeChain-TTerraWorldGraph.cs-685
01/06/2021 12:14 -  - MakeChain-TTerraWorldGraph.cs-685
01/06/2021 12:14 -  - MakeChain-TTerraWorldGraph.cs-685
01/06/2021 12:14 -  - MakeChain-TTerraWorldGraph.cs-685
01/06/2021 12:14 -  - MakeChain-TTerraWorldGraph.cs-685
01/06/2021 12:14 -  - MakeChain-TTerraWorldGraph.cs-685
01/06/2021 12:14 -  - MakeChain-TTerraWorldGraph.cs-685
01/06/2021 12:14 -  - MakeChain-TTerraWorldGraph.cs-685
01/06/2021 12:14 -  - MakeChain-TTerraWorldGraph.cs-685
01/06/2021 12:14 -  - MakeChain-TTerraWorldGraph.cs-685
01/06/2021 12:14 -  - MakeChain-TTerraWorldGraph.cs-685
01/06/2021 12:14 -  - MakeChain-TTerraWorldGraph.cs-685
01/06/2021 12:14 -  - MakeChain-TTerraWorldGraph.cs-685
01/06/2021 12:14 -  - MakeChain-TTerraWorldGraph.cs-685
01/06/2021 12:14 -  - MakeChain-TTerraWorldGraph.cs-685
01/06/2021 12:14 -  - MakeChain-TTerraWorldGraph.cs-685
01/06/2021 12:14 -  - MakeChain-TTerraWorldGraph.cs-685
01/06/2021 12:14 -  - MakeChain-TTerraWorldGraph.cs-685
01/06/2021 12:14 -  - MakeChain-TTerraWorldGraph.cs-685
01/06/2021 12:14 - Slope Map 1 - RunGraph-TModules.cs-333
01/06/2021 12:14 - DetailTexture 5 - RunGraph-TModules.cs-333
01/06/2021 12:14 - Slope Map 2 - RunGraph-TModules.cs-333
01/06/2021 12:14 - DetailTexture 6 - RunGraph-TModules.cs-333
01/06/2021 12:14 - Slope Map 3 - RunGraph-TModules.cs-333
01/06/2021 12:14 - DetailTexture 7 - RunGraph-TModules.cs-333
01/06/2021 12:14 - Flowmap 1 - RunGraph-TModules.cs-333
01/06/2021 12:14 - DetailTexture 8 - RunGraph-TModules.cs-333
01/06/2021 12:14 - Graph result (DetailTexture): DetailTexture 5 - RunAllModules-TTerrain.cs-252
01/06/2021 12:14 - Graph result (DetailTexture): DetailTexture 6 - RunAllModules-TTerrain.cs-252
01/06/2021 12:14 - Graph result (DetailTexture): DetailTexture 7 - RunAllModules-TTerrain.cs-252
01/06/2021 12:14 - Graph result (DetailTexture): DetailTexture 8 - RunAllModules-TTerrain.cs-252
01/06/2021 12:14 -  - RunGraph-TModules.cs-309
01/06/2021 12:14 -  - GetSequences-TTerraWorldGraph.cs-713
01/06/2021 12:14 -  - GetLastNodes-TTerraWorldGraph.cs-671
01/06/2021 12:14 -  - MakeChain-TTerraWorldGraph.cs-685
01/06/2021 12:14 -  - MakeChain-TTerraWorldGraph.cs-685
01/06/2021 12:14 -  - MakeChain-TTerraWorldGraph.cs-685
01/06/2021 12:14 -  - MakeChain-TTerraWorldGraph.cs-685
01/06/2021 12:14 -  - MakeChain-TTerraWorldGraph.cs-685
01/06/2021 12:14 -  - MakeChain-TTerraWorldGraph.cs-685
01/06/2021 12:14 -  - MakeChain-TTerraWorldGraph.cs-685
01/06/2021 12:14 -  - MakeChain-TTerraWorldGraph.cs-685
01/06/2021 12:14 -  - MakeChain-TTerraWorldGraph.cs-685
01/06/2021 12:14 -  - MakeChain-TTerraWorldGraph.cs-685
01/06/2021 12:14 -  - MakeChain-TTerraWorldGraph.cs-685
01/06/2021 12:14 -  - MakeChain-TTerraWorldGraph.cs-685
01/06/2021 12:14 -  - MakeChain-TTerraWorldGraph.cs-685
01/06/2021 12:14 -  - MakeChain-TTerraWorldGraph.cs-685
01/06/2021 12:14 - Mesh Gen 1 - RunGraph-TModules.cs-333
01/06/2021 12:14 - Biome Filter  1 - RunGraph-TModules.cs-333
01/06/2021 12:14 - Area Mixer 3 2 - RunGraph-TModules.cs-333
01/06/2021 12:14 - Terrain Mesh Generator 1 - RunGraph-TModules.cs-333
01/06/2021 12:14 - Graph result : Mesh Gen 1 - RunAllModules-TTerrain.cs-288
01/06/2021 12:14 - Graph result : Terrain Mesh Generator 1 - RunAllModules-TTerrain.cs-288
01/06/2021 12:14 -  - RunGraph-TModules.cs-309
01/06/2021 12:14 -  - GetSequences-TTerraWorldGraph.cs-713
01/06/2021 12:14 -  - GetLastNodes-TTerraWorldGraph.cs-671
01/06/2021 12:14 -  - MakeChain-TTerraWorldGraph.cs-685
01/06/2021 12:14 -  - MakeChain-TTerraWorldGraph.cs-685
01/06/2021 12:14 -  - MakeChain-TTerraWorldGraph.cs-685
01/06/2021 12:14 -  - MakeChain-TTerraWorldGraph.cs-685
01/06/2021 12:14 -  - MakeChain-TTerraWorldGraph.cs-685
01/06/2021 12:14 -  - MakeChain-TTerraWorldGraph.cs-685
01/06/2021 12:14 -  - MakeChain-TTerraWorldGraph.cs-685
01/06/2021 12:14 -  - MakeChain-TTerraWorldGraph.cs-685
01/06/2021 12:14 -  - MakeChain-TTerraWorldGraph.cs-685
01/06/2021 12:14 -  - MakeChain-TTerraWorldGraph.cs-685
01/06/2021 12:14 -  - MakeChain-TTerraWorldGraph.cs-685
01/06/2021 12:14 -  - MakeChain-TTerraWorldGraph.cs-685
01/06/2021 12:14 -  - MakeChain-TTerraWorldGraph.cs-685
01/06/2021 12:14 -  - MakeChain-TTerraWorldGraph.cs-685
01/06/2021 12:14 -  - MakeChain-TTerraWorldGraph.cs-685
01/06/2021 12:14 -  - MakeChain-TTerraWorldGraph.cs-685
01/06/2021 12:14 -  - MakeChain-TTerraWorldGraph.cs-685
01/06/2021 12:14 -  - MakeChain-TTerraWorldGraph.cs-685
01/06/2021 12:14 -  - MakeChain-TTerraWorldGraph.cs-685
01/06/2021 12:14 -  - MakeChain-TTerraWorldGraph.cs-685
01/06/2021 12:14 -  - MakeChain-TTerraWorldGraph.cs-685
01/06/2021 12:14 -  - MakeChain-TTerraWorldGraph.cs-685
01/06/2021 12:14 - Rock_01_Forest - RunGraph-TModules.cs-333
01/06/2021 12:14 - LargeFlames - RunGraph-TModules.cs-333
01/06/2021 12:14 - Biome Filter  2 - RunGraph-TModules.cs-333
01/06/2021 12:14 - PoisonGas - RunGraph-TModules.cs-333
01/06/2021 12:14 - SmokeEffect - RunGraph-TModules.cs-333
01/06/2021 12:14 - Graph result : Rock_01_Forest - RunAllModules-TTerrain.cs-301
01/06/2021 12:14 - Graph result : LargeFlames - RunAllModules-TTerrain.cs-301
01/06/2021 12:14 - Graph result : PoisonGas - RunAllModules-TTerrain.cs-301
01/06/2021 12:14 - Graph result : SmokeEffect - RunAllModules-TTerrain.cs-301
01/06/2021 12:14 -  - RunGraph-TModules.cs-309
01/06/2021 12:14 -  - GetSequences-TTerraWorldGraph.cs-713
01/06/2021 12:14 -  - GetLastNodes-TTerraWorldGraph.cs-671
01/06/2021 12:14 -  - MakeChain-TTerraWorldGraph.cs-685
01/06/2021 12:14 -  - MakeChain-TTerraWorldGraph.cs-685
01/06/2021 12:14 -  - MakeChain-TTerraWorldGraph.cs-685
01/06/2021 12:14 -  - MakeChain-TTerraWorldGraph.cs-685
01/06/2021 12:14 -  - MakeChain-TTerraWorldGraph.cs-685
01/06/2021 12:14 -  - MakeChain-TTerraWorldGraph.cs-685
01/06/2021 12:14 - GPU Instance Scatter 1 - RunGraph-TModules.cs-333
01/06/2021 12:14 - Graph result : GPU Instance Scatter 1 - RunAllModules-TTerrain.cs-314
01/06/2021 12:14 -  - RunGraph-TModules.cs-309
01/06/2021 12:14 -  - GetSequences-TTerraWorldGraph.cs-713
01/06/2021 12:14 -  - GetLastNodes-TTerraWorldGraph.cs-671
01/06/2021 12:14 -  - WhenAllDone-TTerrain.cs-570
01/06/2021 12:14 -  - EachTerrainDone-TTerraWorld.cs-306
01/06/2021 12:14 -  - WhenAllDone-TTerraWorld.cs-315
01/06/2021 12:14 -  - ApplyOnTerrain-TTerrainGenerator.cs-366
01/06/2021 12:14 -  - GenerateTerrain-TTerrainGenerator.cs-387
01/06/2021 12:14 -  - InitializeTerrain-TTerrainGenerator.cs-396
01/06/2021 12:14 -  - SetMainTerrainMaterialDefault-TerrainRenderingManager.cs-856
01/06/2021 12:14 - Generating Terrain - ApplyTerrrain-TTerrainGenerator.cs-486
01/06/2021 12:14 - ApplyLakeOnTerrain - ApplyLakeOnTerrain-TTerrainGenerator.cs-679
01/06/2021 12:14 - UpdateTerrainHeightmap - UpdateTerrainHeightmap-TTerrainGenerator.cs-521
01/06/2021 12:14 - UpdateTerrainImagery - UpdateTerrainImagery-TTerrainGenerator.cs-547
01/06/2021 12:14 - GetColorMap - GetColorMap-TDetailTextureLayer.cs-165
01/06/2021 12:14 - GetAplphaMaps - GetAplphaMaps-TDetailTextureLayer.cs-39
01/06/2021 12:14 - ApplyRiversOnTerrain - ApplyRiversOnTerrain-TTerrainGenerator.cs-857
01/06/2021 12:14 - ApplyGridsOnTerrain - ApplyGridsOnTerrain-TTerrainGenerator.cs-1019
01/06/2021 12:14 -  - GenerateMesh-TTerrainGenerator.cs-1474
01/06/2021 12:14 -  - GenerateMesh-TTerrainGenerator.cs-1474
01/06/2021 12:14 -  - GenerateMesh-TTerrainGenerator.cs-1474
01/06/2021 12:14 -  - GenerateMesh-TTerrainGenerator.cs-1474
01/06/2021 12:14 -  - GenerateMesh-TTerrainGenerator.cs-1474
01/06/2021 12:14 -  - GenerateMesh-TTerrainGenerator.cs-1474
01/06/2021 12:14 -  - GenerateMesh-TTerrainGenerator.cs-1474
01/06/2021 12:14 -  - GenerateMesh-TTerrainGenerator.cs-1474
01/06/2021 12:14 -  - GenerateMesh-TTerrainGenerator.cs-1474
01/06/2021 12:14 -  - GenerateMesh-TTerrainGenerator.cs-1474
01/06/2021 12:14 -  - GenerateMesh-TTerrainGenerator.cs-1474
01/06/2021 12:14 -  - GenerateMesh-TTerrainGenerator.cs-1474
01/06/2021 12:14 -  - GenerateMesh-TTerrainGenerator.cs-1474
01/06/2021 12:14 -  - GenerateMesh-TTerrainGenerator.cs-1474
01/06/2021 12:14 -  - GenerateMesh-TTerrainGenerator.cs-1474
01/06/2021 12:14 -  - GenerateMesh-TTerrainGenerator.cs-1474
01/06/2021 12:14 -  - GenerateMesh-TTerrainGenerator.cs-1474
01/06/2021 12:14 -  - GenerateMesh-TTerrainGenerator.cs-1474
01/06/2021 12:14 -  - GenerateMesh-TTerrainGenerator.cs-1474
01/06/2021 12:14 -  - GenerateMesh-TTerrainGenerator.cs-1474
01/06/2021 12:14 -  - GenerateMesh-TTerrainGenerator.cs-1474
01/06/2021 12:14 -  - GenerateMesh-TTerrainGenerator.cs-1474
01/06/2021 12:14 -  - GenerateMesh-TTerrainGenerator.cs-1474
01/06/2021 12:14 -  - GenerateMesh-TTerrainGenerator.cs-1474
01/06/2021 12:14 -  - GenerateMesh-TTerrainGenerator.cs-1474
01/06/2021 12:14 -  - GenerateMesh-TTerrainGenerator.cs-1474
01/06/2021 12:14 -  - GenerateMesh-TTerrainGenerator.cs-1474
01/06/2021 12:14 -  - GenerateMesh-TTerrainGenerator.cs-1474
01/06/2021 12:14 -  - GenerateMesh-TTerrainGenerator.cs-1474
01/06/2021 12:14 -  - GenerateMesh-TTerrainGenerator.cs-1474
01/06/2021 12:14 -  - GenerateMesh-TTerrainGenerator.cs-1474
01/06/2021 12:14 -  - GenerateMesh-TTerrainGenerator.cs-1474
01/06/2021 12:14 -  - GenerateMesh-TTerrainGenerator.cs-1474
01/06/2021 12:14 -  - GenerateMesh-TTerrainGenerator.cs-1474
01/06/2021 12:14 -  - GenerateMesh-TTerrainGenerator.cs-1474
01/06/2021 12:14 -  - GenerateMesh-TTerrainGenerator.cs-1474
01/06/2021 12:14 -  - GenerateMesh-TTerrainGenerator.cs-1474
01/06/2021 12:14 -  - GenerateMesh-TTerrainGenerator.cs-1474
01/06/2021 12:14 -  - GenerateMesh-TTerrainGenerator.cs-1474
01/06/2021 12:14 -  - GenerateMesh-TTerrainGenerator.cs-1474
01/06/2021 12:14 -  - GenerateMesh-TTerrainGenerator.cs-1474
01/06/2021 12:14 -  - GenerateMesh-TTerrainGenerator.cs-1474
01/06/2021 12:14 -  - GenerateMesh-TTerrainGenerator.cs-1474
01/06/2021 12:14 -  - GenerateMesh-TTerrainGenerator.cs-1474
01/06/2021 12:14 -  - GenerateMesh-TTerrainGenerator.cs-1474
01/06/2021 12:14 -  - GenerateMesh-TTerrainGenerator.cs-1474
01/06/2021 12:14 -  - GenerateMesh-TTerrainGenerator.cs-1474
01/06/2021 12:14 -  - GenerateMesh-TTerrainGenerator.cs-1474
01/06/2021 12:14 -  - GenerateMesh-TTerrainGenerator.cs-1474
01/06/2021 12:14 -  - GenerateMesh-TTerrainGenerator.cs-1474
01/06/2021 12:14 -  - GenerateMesh-TTerrainGenerator.cs-1474
01/06/2021 12:14 -  - GenerateMesh-TTerrainGenerator.cs-1474
01/06/2021 12:14 -  - GenerateMesh-TTerrainGenerator.cs-1474
01/06/2021 12:14 -  - GenerateMesh-TTerrainGenerator.cs-1474
01/06/2021 12:14 -  - GenerateMesh-TTerrainGenerator.cs-1474
01/06/2021 12:14 -  - GenerateMesh-TTerrainGenerator.cs-1474
01/06/2021 12:14 -  - GenerateMesh-TTerrainGenerator.cs-1474
01/06/2021 12:14 -  - GenerateMesh-TTerrainGenerator.cs-1474
01/06/2021 12:14 -  - GenerateMesh-TTerrainGenerator.cs-1474
01/06/2021 12:14 -  - GenerateMesh-TTerrainGenerator.cs-1474
01/06/2021 12:14 -  - GenerateMesh-TTerrainGenerator.cs-1474
01/06/2021 12:14 -  - GenerateMesh-TTerrainGenerator.cs-1474
01/06/2021 12:14 -  - GenerateMesh-TTerrainGenerator.cs-1474
01/06/2021 12:14 -  - GenerateMesh-TTerrainGenerator.cs-1474
01/06/2021 12:14 -  - GenerateMesh-TTerrainGenerator.cs-1474
01/06/2021 12:14 -  - GenerateMesh-TTerrainGenerator.cs-1474
01/06/2021 12:14 -  - GenerateMesh-TTerrainGenerator.cs-1474
01/06/2021 12:14 -  - GenerateMesh-TTerrainGenerator.cs-1474
01/06/2021 12:14 -  - GenerateMesh-TTerrainGenerator.cs-1474
01/06/2021 12:14 -  - GenerateMesh-TTerrainGenerator.cs-1474
01/06/2021 12:14 -  - GenerateMesh-TTerrainGenerator.cs-1474
01/06/2021 12:14 -  - GenerateMesh-TTerrainGenerator.cs-1474
01/06/2021 12:14 -  - GenerateMesh-TTerrainGenerator.cs-1474
01/06/2021 12:14 -  - GenerateMesh-TTerrainGenerator.cs-1474
01/06/2021 12:14 -  - GenerateMesh-TTerrainGenerator.cs-1474
01/06/2021 12:14 -  - GenerateMesh-TTerrainGenerator.cs-1474
01/06/2021 12:14 -  - GenerateMesh-TTerrainGenerator.cs-1474
01/06/2021 12:14 -  - GenerateMesh-TTerrainGenerator.cs-1474
01/06/2021 12:14 -  - GenerateMesh-TTerrainGenerator.cs-1474
01/06/2021 12:14 -  - GenerateMesh-TTerrainGenerator.cs-1474
01/06/2021 12:14 -  - GenerateMesh-TTerrainGenerator.cs-1474
01/06/2021 12:14 -  - GenerateMesh-TTerrainGenerator.cs-1474
01/06/2021 12:14 -  - GenerateMesh-TTerrainGenerator.cs-1474
01/06/2021 12:14 -  - GenerateMesh-TTerrainGenerator.cs-1474
01/06/2021 12:14 -  - GenerateMesh-TTerrainGenerator.cs-1474
01/06/2021 12:14 -  - GenerateMesh-TTerrainGenerator.cs-1474
01/06/2021 12:14 -  - GenerateMesh-TTerrainGenerator.cs-1474
01/06/2021 12:14 -  - GenerateMesh-TTerrainGenerator.cs-1474
01/06/2021 12:14 -  - GenerateMesh-TTerrainGenerator.cs-1474
01/06/2021 12:14 -  - GenerateMesh-TTerrainGenerator.cs-1474
01/06/2021 12:14 -  - GenerateMesh-TTerrainGenerator.cs-1474
01/06/2021 12:14 -  - GenerateMesh-TTerrainGenerator.cs-1474
01/06/2021 12:14 -  - GenerateMesh-TTerrainGenerator.cs-1474
01/06/2021 12:14 -  - GenerateMesh-TTerrainGenerator.cs-1474
01/06/2021 12:14 -  - GenerateMesh-TTerrainGenerator.cs-1474
01/06/2021 12:14 -  - GenerateMesh-TTerrainGenerator.cs-1474
01/06/2021 12:14 -  - GenerateMesh-TTerrainGenerator.cs-1474
01/06/2021 12:14 -  - GenerateMesh-TTerrainGenerator.cs-1474
01/06/2021 12:14 -  - GenerateMesh-TTerrainGenerator.cs-1474
01/06/2021 12:14 -  - GenerateMesh-TTerrainGenerator.cs-1474
01/06/2021 12:14 -  - GenerateMesh-TTerrainGenerator.cs-1474
01/06/2021 12:14 -  - GenerateMesh-TTerrainGenerator.cs-1474
01/06/2021 12:14 -  - GenerateMesh-TTerrainGenerator.cs-1474
01/06/2021 12:14 -  - GenerateMesh-TTerrainGenerator.cs-1474
01/06/2021 12:14 -  - GenerateMesh-TTerrainGenerator.cs-1474
01/06/2021 12:14 -  - GenerateMesh-TTerrainGenerator.cs-1474
01/06/2021 12:14 -  - GenerateMesh-TTerrainGenerator.cs-1474
01/06/2021 12:14 -  - GenerateMesh-TTerrainGenerator.cs-1474
01/06/2021 12:14 -  - GenerateMesh-TTerrainGenerator.cs-1474
01/06/2021 12:14 -  - GenerateMesh-TTerrainGenerator.cs-1474
01/06/2021 12:14 -  - GenerateMesh-TTerrainGenerator.cs-1474
01/06/2021 12:14 -  - GenerateMesh-TTerrainGenerator.cs-1474
01/06/2021 12:14 -  - GenerateMesh-TTerrainGenerator.cs-1474
01/06/2021 12:14 -  - GenerateMesh-TTerrainGenerator.cs-1474
01/06/2021 12:14 -  - GenerateMesh-TTerrainGenerator.cs-1474
01/06/2021 12:14 -  - GenerateMesh-TTerrainGenerator.cs-1474
01/06/2021 12:14 -  - GenerateMesh-TTerrainGenerator.cs-1474
01/06/2021 12:14 -  - GenerateMesh-TTerrainGenerator.cs-1474
01/06/2021 12:14 -  - GenerateMesh-TTerrainGenerator.cs-1474
01/06/2021 12:14 -  - GenerateMesh-TTerrainGenerator.cs-1474
01/06/2021 12:14 -  - GenerateMesh-TTerrainGenerator.cs-1474
01/06/2021 12:14 -  - GenerateMesh-TTerrainGenerator.cs-1474
01/06/2021 12:14 -  - GenerateMesh-TTerrainGenerator.cs-1474
01/06/2021 12:14 -  - GenerateMesh-TTerrainGenerator.cs-1474
01/06/2021 12:14 -  - GenerateMesh-TTerrainGenerator.cs-1474
01/06/2021 12:14 -  - GenerateMesh-TTerrainGenerator.cs-1474
01/06/2021 12:14 -  - GenerateMesh-TTerrainGenerator.cs-1474
01/06/2021 12:14 -  - GenerateMesh-TTerrainGenerator.cs-1474
01/06/2021 12:14 -  - GenerateMesh-TTerrainGenerator.cs-1474
01/06/2021 12:14 -  - GenerateMesh-TTerrainGenerator.cs-1474
01/06/2021 12:14 -  - GenerateMesh-TTerrainGenerator.cs-1474
01/06/2021 12:14 -  - GenerateMesh-TTerrainGenerator.cs-1474
01/06/2021 12:14 -  - GenerateMesh-TTerrainGenerator.cs-1474
01/06/2021 12:14 -  - GenerateMesh-TTerrainGenerator.cs-1474
01/06/2021 12:14 -  - GenerateMesh-TTerrainGenerator.cs-1474
01/06/2021 12:14 -  - GenerateMesh-TTerrainGenerator.cs-1474
01/06/2021 12:14 -  - GenerateMesh-TTerrainGenerator.cs-1474
01/06/2021 12:14 -  - GenerateMesh-TTerrainGenerator.cs-1474
01/06/2021 12:14 -  - GenerateMesh-TTerrainGenerator.cs-1474
01/06/2021 12:14 -  - GenerateMesh-TTerrainGenerator.cs-1474
01/06/2021 12:14 -  - GenerateMesh-TTerrainGenerator.cs-1474
01/06/2021 12:14 -  - GenerateMesh-TTerrainGenerator.cs-1474
01/06/2021 12:14 -  - GenerateMesh-TTerrainGenerator.cs-1474
01/06/2021 12:14 -  - GenerateMesh-TTerrainGenerator.cs-1474
01/06/2021 12:14 -  - GenerateMesh-TTerrainGenerator.cs-1474
01/06/2021 12:14 -  - GenerateMesh-TTerrainGenerator.cs-1474
01/06/2021 12:14 -  - GenerateMesh-TTerrainGenerator.cs-1474
01/06/2021 12:14 -  - GenerateMesh-TTerrainGenerator.cs-1474
01/06/2021 12:14 -  - GenerateMesh-TTerrainGenerator.cs-1474
01/06/2021 12:14 -  - GenerateMesh-TTerrainGenerator.cs-1474
01/06/2021 12:14 -  - GenerateMesh-TTerrainGenerator.cs-1474
01/06/2021 12:14 -  - GenerateMesh-TTerrainGenerator.cs-1474
01/06/2021 12:14 -  - GenerateMesh-TTerrainGenerator.cs-1474
01/06/2021 12:14 -  - GenerateMesh-TTerrainGenerator.cs-1474
01/06/2021 12:14 -  - GenerateMesh-TTerrainGenerator.cs-1474
01/06/2021 12:14 -  - GenerateMesh-TTerrainGenerator.cs-1474
01/06/2021 12:14 -  - GenerateMesh-TTerrainGenerator.cs-1474
01/06/2021 12:14 -  - GenerateMesh-TTerrainGenerator.cs-1474
01/06/2021 12:14 -  - GenerateMesh-TTerrainGenerator.cs-1474
01/06/2021 12:14 -  - GenerateMesh-TTerrainGenerator.cs-1474
01/06/2021 12:14 -  - GenerateMesh-TTerrainGenerator.cs-1474
01/06/2021 12:14 -  - GenerateMesh-TTerrainGenerator.cs-1474
01/06/2021 12:14 -  - GenerateMesh-TTerrainGenerator.cs-1474
01/06/2021 12:14 -  - GenerateMesh-TTerrainGenerator.cs-1474
01/06/2021 12:14 -  - GenerateMesh-TTerrainGenerator.cs-1474
01/06/2021 12:14 -  - GenerateMesh-TTerrainGenerator.cs-1474
01/06/2021 12:14 -  - GenerateMesh-TTerrainGenerator.cs-1474
01/06/2021 12:14 -  - GenerateMesh-TTerrainGenerator.cs-1474
01/06/2021 12:14 -  - GenerateMesh-TTerrainGenerator.cs-1474
01/06/2021 12:14 -  - GenerateMesh-TTerrainGenerator.cs-1474
01/06/2021 12:14 -  - GenerateMesh-TTerrainGenerator.cs-1474
01/06/2021 12:14 -  - GenerateMesh-TTerrainGenerator.cs-1474
01/06/2021 12:14 -  - GenerateMesh-TTerrainGenerator.cs-1474
01/06/2021 12:14 -  - GenerateMesh-TTerrainGenerator.cs-1474
01/06/2021 12:14 -  - GenerateMesh-TTerrainGenerator.cs-1474
01/06/2021 12:14 -  - GenerateMesh-TTerrainGenerator.cs-1474
01/06/2021 12:14 -  - GenerateMesh-TTerrainGenerator.cs-1474
01/06/2021 12:14 -  - GenerateMesh-TTerrainGenerator.cs-1474
01/06/2021 12:14 -  - GenerateMesh-TTerrainGenerator.cs-1474
01/06/2021 12:14 -  - GenerateMesh-TTerrainGenerator.cs-1474
01/06/2021 12:14 -  - GenerateMesh-TTerrainGenerator.cs-1474
01/06/2021 12:14 -  - GenerateMesh-TTerrainGenerator.cs-1474
01/06/2021 12:14 -  - GenerateMesh-TTerrainGenerator.cs-1474
01/06/2021 12:14 -  - GenerateMesh-TTerrainGenerator.cs-1474
01/06/2021 12:14 -  - GenerateMesh-TTerrainGenerator.cs-1474
01/06/2021 12:14 -  - GenerateMesh-TTerrainGenerator.cs-1474
01/06/2021 12:14 -  - GenerateMesh-TTerrainGenerator.cs-1474
01/06/2021 12:14 -  - GenerateMesh-TTerrainGenerator.cs-1474
01/06/2021 12:14 -  - GenerateMesh-TTerrainGenerator.cs-1474
01/06/2021 12:14 -  - GenerateMesh-TTerrainGenerator.cs-1474
01/06/2021 12:14 -  - GenerateMesh-TTerrainGenerator.cs-1474
01/06/2021 12:14 -  - GenerateMesh-TTerrainGenerator.cs-1474
01/06/2021 12:14 -  - GenerateMesh-TTerrainGenerator.cs-1474
01/06/2021 12:14 -  - GenerateMesh-TTerrainGenerator.cs-1474
01/06/2021 12:14 -  - GenerateMesh-TTerrainGenerator.cs-1474
01/06/2021 12:14 -  - GenerateMesh-TTerrainGenerator.cs-1474
01/06/2021 12:14 -  - GenerateMesh-TTerrainGenerator.cs-1474
01/06/2021 12:14 -  - GenerateMesh-TTerrainGenerator.cs-1474
01/06/2021 12:14 -  - GenerateMesh-TTerrainGenerator.cs-1474
01/06/2021 12:14 -  - GenerateMesh-TTerrainGenerator.cs-1474
01/06/2021 12:14 -  - GenerateMesh-TTerrainGenerator.cs-1474
01/06/2021 12:14 -  - GenerateMesh-TTerrainGenerator.cs-1474
01/06/2021 12:14 -  - GenerateMesh-TTerrainGenerator.cs-1474
01/06/2021 12:14 -  - GenerateMesh-TTerrainGenerator.cs-1474
01/06/2021 12:14 -  - GenerateMesh-TTerrainGenerator.cs-1474
01/06/2021 12:14 -  - GenerateMesh-TTerrainGenerator.cs-1474
01/06/2021 12:14 -  - GenerateMesh-TTerrainGenerator.cs-1474
01/06/2021 12:14 -  - GenerateMesh-TTerrainGenerator.cs-1474
01/06/2021 12:14 -  - GenerateMesh-TTerrainGenerator.cs-1474
01/06/2021 12:14 -  - GenerateMesh-TTerrainGenerator.cs-1474
01/06/2021 12:14 -  - GenerateMesh-TTerrainGenerator.cs-1474
01/06/2021 12:14 -  - GenerateMesh-TTerrainGenerator.cs-1474
01/06/2021 12:14 -  - GenerateMesh-TTerrainGenerator.cs-1474
01/06/2021 12:14 -  - GenerateMesh-TTerrainGenerator.cs-1474
01/06/2021 12:14 -  - GenerateMesh-TTerrainGenerator.cs-1474
01/06/2021 12:14 -  - GenerateMesh-TTerrainGenerator.cs-1474
01/06/2021 12:14 -  - GenerateMesh-TTerrainGenerator.cs-1474
01/06/2021 12:14 -  - GenerateMesh-TTerrainGenerator.cs-1474
01/06/2021 12:14 -  - GenerateMesh-TTerrainGenerator.cs-1474
01/06/2021 12:14 -  - GenerateMesh-TTerrainGenerator.cs-1474
01/06/2021 12:14 -  - GenerateMesh-TTerrainGenerator.cs-1474
01/06/2021 12:14 -  - GenerateMesh-TTerrainGenerator.cs-1474
01/06/2021 12:14 -  - GenerateMesh-TTerrainGenerator.cs-1474
01/06/2021 12:14 -  - GenerateMesh-TTerrainGenerator.cs-1474
01/06/2021 12:14 -  - GenerateMesh-TTerrainGenerator.cs-1474
01/06/2021 12:14 -  - GenerateMesh-TTerrainGenerator.cs-1474
01/06/2021 12:14 -  - GenerateMesh-TTerrainGenerator.cs-1474
01/06/2021 12:14 -  - GenerateMesh-TTerrainGenerator.cs-1474
01/06/2021 12:14 -  - GenerateMesh-TTerrainGenerator.cs-1474
01/06/2021 12:14 -  - GenerateMesh-TTerrainGenerator.cs-1474
01/06/2021 12:14 -  - GenerateMesh-TTerrainGenerator.cs-1474
01/06/2021 12:14 -  - GenerateMesh-TTerrainGenerator.cs-1474
01/06/2021 12:14 -  - GenerateMesh-TTerrainGenerator.cs-1474
01/06/2021 12:14 -  - GenerateMesh-TTerrainGenerator.cs-1474
01/06/2021 12:14 -  - GenerateMesh-TTerrainGenerator.cs-1474
01/06/2021 12:14 -  - GenerateMesh-TTerrainGenerator.cs-1474
01/06/2021 12:14 -  - GenerateMesh-TTerrainGenerator.cs-1474
01/06/2021 12:14 -  - GenerateMesh-TTerrainGenerator.cs-1474
01/06/2021 12:14 -  - GenerateMesh-TTerrainGenerator.cs-1474
01/06/2021 12:14 -  - GenerateMesh-TTerrainGenerator.cs-1474
01/06/2021 12:14 -  - GenerateMesh-TTerrainGenerator.cs-1474
01/06/2021 12:14 -  - GenerateMesh-TTerrainGenerator.cs-1474
01/06/2021 12:14 -  - GenerateMesh-TTerrainGenerator.cs-1474
01/06/2021 12:14 -  - GenerateMesh-TTerrainGenerator.cs-1474
01/06/2021 12:14 -  - GenerateMesh-TTerrainGenerator.cs-1474
01/06/2021 12:14 -  - GenerateMesh-TTerrainGenerator.cs-1474
01/06/2021 12:14 -  - GenerateMesh-TTerrainGenerator.cs-1474
01/06/2021 12:14 -  - GenerateMesh-TTerrainGenerator.cs-1474
01/06/2021 12:14 -  - GenerateMesh-TTerrainGenerator.cs-1474
01/06/2021 12:14 -  - GenerateMesh-TTerrainGenerator.cs-1474
01/06/2021 12:14 -  - GenerateMesh-TTerrainGenerator.cs-1474
01/06/2021 12:14 -  - GenerateMesh-TTerrainGenerator.cs-1474
01/06/2021 12:14 -  - GenerateMesh-TTerrainGenerator.cs-1474
01/06/2021 12:14 -  - GenerateMesh-TTerrainGenerator.cs-1474
01/06/2021 12:14 -  - GenerateMesh-TTerrainGenerator.cs-1474
01/06/2021 12:14 -  - GenerateMesh-TTerrainGenerator.cs-1474
01/06/2021 12:14 -  - GenerateMesh-TTerrainGenerator.cs-1474
01/06/2021 12:14 -  - GenerateMesh-TTerrainGenerator.cs-1474
01/06/2021 12:14 -  - GenerateMesh-TTerrainGenerator.cs-1474
01/06/2021 12:14 -  - GenerateMesh-TTerrainGenerator.cs-1474
01/06/2021 12:14 -  - GenerateMesh-TTerrainGenerator.cs-1474
01/06/2021 12:14 -  - GenerateMesh-TTerrainGenerator.cs-1474
01/06/2021 12:14 -  - GenerateMesh-TTerrainGenerator.cs-1474
01/06/2021 12:14 -  - GenerateMesh-TTerrainGenerator.cs-1474
01/06/2021 12:14 -  - GenerateMesh-TTerrainGenerator.cs-1474
01/06/2021 12:14 -  - GenerateMesh-TTerrainGenerator.cs-1474
01/06/2021 12:14 -  - GenerateMesh-TTerrainGenerator.cs-1474
01/06/2021 12:14 -  - GenerateMesh-TTerrainGenerator.cs-1474
01/06/2021 12:14 -  - GenerateMesh-TTerrainGenerator.cs-1474
01/06/2021 12:14 -  - GenerateMesh-TTerrainGenerator.cs-1474
01/06/2021 12:14 -  - GenerateMesh-TTerrainGenerator.cs-1474
01/06/2021 12:14 -  - GenerateMesh-TTerrainGenerator.cs-1474
01/06/2021 12:14 -  - GenerateMesh-TTerrainGenerator.cs-1474
01/06/2021 12:14 -  - GenerateMesh-TTerrainGenerator.cs-1474
01/06/2021 12:14 -  - GenerateMesh-TTerrainGenerator.cs-1474
01/06/2021 12:14 -  - GenerateMesh-TTerrainGenerator.cs-1474
01/06/2021 12:14 -  - GenerateMesh-TTerrainGenerator.cs-1474
01/06/2021 12:14 -  - GenerateMesh-TTerrainGenerator.cs-1474
01/06/2021 12:14 -  - GenerateMesh-TTerrainGenerator.cs-1474
01/06/2021 12:14 -  - GenerateMesh-TTerrainGenerator.cs-1474
01/06/2021 12:14 -  - GenerateMesh-TTerrainGenerator.cs-1474
01/06/2021 12:14 -  - GenerateMesh-TTerrainGenerator.cs-1474
01/06/2021 12:14 -  - GenerateMesh-TTerrainGenerator.cs-1474
01/06/2021 12:14 -  - GenerateMesh-TTerrainGenerator.cs-1474
01/06/2021 12:14 -  - GenerateMesh-TTerrainGenerator.cs-1474
01/06/2021 12:14 -  - GenerateMesh-TTerrainGenerator.cs-1474
01/06/2021 12:14 -  - GenerateMesh-TTerrainGenerator.cs-1474
01/06/2021 12:14 -  - GenerateMesh-TTerrainGenerator.cs-1474
01/06/2021 12:14 -  - GenerateMesh-TTerrainGenerator.cs-1474
01/06/2021 12:14 -  - GenerateMesh-TTerrainGenerator.cs-1474
01/06/2021 12:14 -  - GenerateMesh-TTerrainGenerator.cs-1474
01/06/2021 12:14 -  - GenerateMesh-TTerrainGenerator.cs-1474
01/06/2021 12:14 -  - GenerateMesh-TTerrainGenerator.cs-1474
01/06/2021 12:14 -  - GenerateMesh-TTerrainGenerator.cs-1474
01/06/2021 12:14 -  - GenerateMesh-TTerrainGenerator.cs-1474
01/06/2021 12:14 -  - GenerateMesh-TTerrainGenerator.cs-1474
01/06/2021 12:14 -  - GenerateMesh-TTerrainGenerator.cs-1474
01/06/2021 12:14 -  - GenerateMesh-TTerrainGenerator.cs-1474
01/06/2021 12:14 -  - GenerateMesh-TTerrainGenerator.cs-1474
01/06/2021 12:14 -  - GenerateMesh-TTerrainGenerator.cs-1474
01/06/2021 12:14 -  - GenerateMesh-TTerrainGenerator.cs-1474
01/06/2021 12:14 -  - GenerateMesh-TTerrainGenerator.cs-1474
01/06/2021 12:14 -  - GenerateMesh-TTerrainGenerator.cs-1474
01/06/2021 12:14 -  - GenerateMesh-TTerrainGenerator.cs-1474
01/06/2021 12:14 -  - GenerateMesh-TTerrainGenerator.cs-1474
01/06/2021 12:14 -  - GenerateMesh-TTerrainGenerator.cs-1474
01/06/2021 12:14 -  - GenerateMesh-TTerrainGenerator.cs-1474
01/06/2021 12:14 -  - GenerateMesh-TTerrainGenerator.cs-1474
01/06/2021 12:14 -  - GenerateMesh-TTerrainGenerator.cs-1474
01/06/2021 12:14 - ApplyObjectsOnTerrain - ApplyObjectsOnTerrain-TTerrainGenerator.cs-1112
01/06/2021 12:14 - ApplyGrassOnTerrain - ApplyGrassOnTerrain-TTerrainGenerator.cs-1323
01/06/2021 12:14 -  - OnFinished-TTerraworldGenerator.cs-112
01/06/2021 12:14 - InitInstancesLayer - InitInstancesLayer-TTerraworldGenerator.cs-217
01/06/2021 12:14 - CleanUp - CleanUp-TTerraworldGenerator.cs-475
01/06/2021 12:14 -  - ClearMemory-TTerrainGenerator.cs-1519
01/06/2021 12:14 - Finish! - ApplyRealTimeSettings-TTerraworldGenerator.cs-105